<?xml version="1.0" encoding="UTF-8"?>
<!-- Generated by org.testng.reporters.JUnitReportReporter -->
<testsuite skipped="0" hostname="LAPTOP-KRC4FANK" name="testScript.InstagramTest" tests="1" failures="0" timestamp="25 Aug 2018 11:35:04 GMT" time="12.672" errors="0">
  <testcase name="testInsta" time="12.672" classname="testScript.InstagramTest"/>
</testsuite> <!-- testScript.InstagramTest -->
